<?xml version="1.0" encoding="UTF-8"?>
<!-- Generated by org.testng.reporters.JUnitXMLReporter -->
<testsuite ignored="2" hostname="DESKTOP-RA7U0ME" failures="0" tests="4" name="Test" time="0.142" errors="0" timestamp="2024-01-24T11:31:12 IST">
  <testcase classname="MavenPractice.DemoClass1Test" name="run2Test" time="0.017"/>
  <testcase classname="MavenPractice.DemoClass2Test" name="run3Test" time="0.002"/>
  <testcase classname="MavenPractice.DemoClass2Test" name="run4Test" time="0.007"/>
  <testcase classname="MavenPractice.DemoClass3Test" name="run5Test" time="0.004"/>
  <testcase classname="MavenPractice.DemoClass1Test" name="runTest" time="0.0">
    <ignored/>
  </testcase> <!-- runTest -->
  <testcase classname="MavenPractice.DemoClass3Test" name="run6Test" time="0.0">
    <ignored/>
  </testcase> <!-- run6Test -->
</testsuite> <!-- Test -->
