<?xml version="1.0" encoding="UTF-8"?>
<testng-results ignored="2" total="6" passed="4" failed="0" skipped="0">
  <reporter-output>
  </reporter-output>
  <suite started-at="2024-01-24T11:31:11 IST" name="Suite" finished-at="2024-01-24T11:31:11 IST" duration-ms="142">
    <groups>
      <group name="regression">
        <method signature="DemoClass1Test.run2Test()[pri:0, instance:MavenPractice.DemoClass1Test@223191a6]" name="run2Test" class="MavenPractice.DemoClass1Test"/>
        <method signature="DemoClass2Test.run3Test()[pri:0, instance:MavenPractice.DemoClass2Test@5b8dfcc1]" name="run3Test" class="MavenPractice.DemoClass2Test"/>
        <method signature="DemoClass2Test.run4Test()[pri:0, instance:MavenPractice.DemoClass2Test@5b8dfcc1]" name="run4Test" class="MavenPractice.DemoClass2Test"/>
        <method signature="DemoClass3Test.run5Test()[pri:0, instance:MavenPractice.DemoClass3Test@2f9f7dcf]" name="run5Test" class="MavenPractice.DemoClass3Test"/>
      </group> <!-- regression -->
      <group name="smoke">
        <method signature="DemoClass2Test.run3Test()[pri:0, instance:MavenPractice.DemoClass2Test@5b8dfcc1]" name="run3Test" class="MavenPractice.DemoClass2Test"/>
      </group> <!-- smoke -->
    </groups>
    <test started-at="2024-01-24T11:31:11 IST" name="Test" finished-at="2024-01-24T11:31:11 IST" duration-ms="142">
      <class name="MavenPractice.DemoClass3Test">
        <test-method signature="run5Test()[pri:0, instance:MavenPractice.DemoClass3Test@2f9f7dcf]" started-at="2024-01-24T11:31:11 IST" name="run5Test" finished-at="2024-01-24T11:31:11 IST" duration-ms="4" status="PASS">
          <reporter-output>
          </reporter-output>
        </test-method> <!-- run5Test -->
      </class> <!-- MavenPractice.DemoClass3Test -->
      <class name="MavenPractice.DemoClass1Test">
        <test-method signature="run2Test()[pri:0, instance:MavenPractice.DemoClass1Test@223191a6]" started-at="2024-01-24T11:31:11 IST" name="run2Test" finished-at="2024-01-24T11:31:11 IST" duration-ms="17" status="PASS">
          <reporter-output>
          </reporter-output>
        </test-method> <!-- run2Test -->
      </class> <!-- MavenPractice.DemoClass1Test -->
      <class name="MavenPractice.DemoClass2Test">
        <test-method signature="run3Test()[pri:0, instance:MavenPractice.DemoClass2Test@5b8dfcc1]" started-at="2024-01-24T11:31:11 IST" name="run3Test" finished-at="2024-01-24T11:31:11 IST" duration-ms="2" status="PASS">
          <reporter-output>
          </reporter-output>
        </test-method> <!-- run3Test -->
        <test-method signature="run4Test()[pri:0, instance:MavenPractice.DemoClass2Test@5b8dfcc1]" started-at="2024-01-24T11:31:11 IST" name="run4Test" finished-at="2024-01-24T11:31:11 IST" duration-ms="7" status="PASS">
          <reporter-output>
          </reporter-output>
        </test-method> <!-- run4Test -->
      </class> <!-- MavenPractice.DemoClass2Test -->
    </test> <!-- Test -->
  </suite> <!-- Suite -->
</testng-results>
